Построение начато 16.12.2015 12:24:56.
     1>Проект "C:\Users\di0niz\Desktop\task4_cloth_template\task4_cloth_template\src\viewer.vcxproj" в узле 2 (целевые объекты build).
       Файл проекта содержит ToolsVersion="12.0", не поддерживаемую данной версией MSBuild. Считается, что проект имеет ToolsVersion="4.0".
     1>Проект "C:\Users\di0niz\Desktop\task4_cloth_template\task4_cloth_template\src\viewer.vcxproj" (1) выполняет построение "C:\Users\di0niz\Desktop\task4_cloth_template\task4_cloth_template\src\vsgl3\vsgl3.vcxproj" (2) в узле 1 (целевые объекты GetTargetPath).
       Файл проекта содержит ToolsVersion="12.0", не поддерживаемую данной версией MSBuild. Считается, что проект имеет ToolsVersion="4.0".
     2>Построение проекта "C:\Users\di0niz\Desktop\task4_cloth_template\task4_cloth_template\src\vsgl3\vsgl3.vcxproj" завершено (целевые объекты GetTargetPath).
     1>Проект "C:\Users\di0niz\Desktop\task4_cloth_template\task4_cloth_template\src\viewer.vcxproj" (1) выполняет построение "C:\Users\di0niz\Desktop\task4_cloth_template\task4_cloth_template\src\GLUS\GLUS.vcxproj" (3) в узле 2 (целевые объекты GetTargetPath).
       Файл проекта содержит ToolsVersion="12.0", не поддерживаемую данной версией MSBuild. Считается, что проект имеет ToolsVersion="4.0".
     3>Построение проекта "C:\Users\di0niz\Desktop\task4_cloth_template\task4_cloth_template\src\GLUS\GLUS.vcxproj" завершено (целевые объекты GetTargetPath).
     1>Проект "C:\Users\di0niz\Desktop\task4_cloth_template\task4_cloth_template\src\viewer.vcxproj" (1) выполняет построение "C:\Users\di0niz\Desktop\task4_cloth_template\task4_cloth_template\src\vsgl3\vsgl3.vcxproj" (2:2) в узле 1 (целевые объекты GetNativeManifest).
       Файл проекта содержит ToolsVersion="12.0", не поддерживаемую данной версией MSBuild. Считается, что проект имеет ToolsVersion="4.0".
     2>Построение проекта "C:\Users\di0niz\Desktop\task4_cloth_template\task4_cloth_template\src\vsgl3\vsgl3.vcxproj" завершено (целевые объекты GetNativeManifest).
     1>Проект "C:\Users\di0niz\Desktop\task4_cloth_template\task4_cloth_template\src\viewer.vcxproj" (1) выполняет построение "C:\Users\di0niz\Desktop\task4_cloth_template\task4_cloth_template\src\GLUS\GLUS.vcxproj" (3:2) в узле 2 (целевые объекты GetNativeManifest).
       Файл проекта содержит ToolsVersion="12.0", не поддерживаемую данной версией MSBuild. Считается, что проект имеет ToolsVersion="4.0".
     3>Построение проекта "C:\Users\di0niz\Desktop\task4_cloth_template\task4_cloth_template\src\GLUS\GLUS.vcxproj" завершено (целевые объекты GetNativeManifest).
     1>InitializeBuildStatus:
         Создание "Debug\viewer.unsuccessfulbuild", так как было задано "AlwaysCreate".
       ClCompile:
         C:\Program Files (x86)\Microsoft Visual Studio 10.0\VC\bin\CL.exe /c /IGLUS /IExternal\include /ZI /nologo /W3 /WX- /Od /Oy- /D WIN32 /D _DEBUG /D _CONSOLE /D _MBCS /Gm /EHsc /RTC1 /MDd /GS /fp:precise /Zc:wchar_t /Zc:forScope /Fo"Debug\\" /Fd"Debug\vc100.pdb" /Gd /TP /analyze- /errorReport:prompt main.cpp
         main.cpp
     1>Проект "C:\Users\di0niz\Desktop\task4_cloth_template\task4_cloth_template\src\viewer.vcxproj" (1) выполняет построение "C:\Users\di0niz\Desktop\task4_cloth_template\task4_cloth_template\src\GLUS\GLUS.vcxproj" (3:3) в узле 2 (целевые объекты GetResolvedLinkLibs).
       Файл проекта содержит ToolsVersion="12.0", не поддерживаемую данной версией MSBuild. Считается, что проект имеет ToolsVersion="4.0".
     1>Проект "C:\Users\di0niz\Desktop\task4_cloth_template\task4_cloth_template\src\viewer.vcxproj" (1) выполняет построение "C:\Users\di0niz\Desktop\task4_cloth_template\task4_cloth_template\src\vsgl3\vsgl3.vcxproj" (2:3) в узле 1 (целевые объекты GetResolvedLinkLibs).
       Файл проекта содержит ToolsVersion="12.0", не поддерживаемую данной версией MSBuild. Считается, что проект имеет ToolsVersion="4.0".
     2>Построение проекта "C:\Users\di0niz\Desktop\task4_cloth_template\task4_cloth_template\src\vsgl3\vsgl3.vcxproj" завершено (целевые объекты GetResolvedLinkLibs).
     3>Построение проекта "C:\Users\di0niz\Desktop\task4_cloth_template\task4_cloth_template\src\GLUS\GLUS.vcxproj" завершено (целевые объекты GetResolvedLinkLibs).
     1>Link:
         C:\Program Files (x86)\Microsoft Visual Studio 10.0\VC\bin\link.exe /ERRORREPORT:PROMPT /OUT:"..\Bin\viewer.exe" /INCREMENTAL:NO /NOLOGO /LIBPATH:Debug /LIBPATH:External\lib opengl32.lib glew32.lib kernel32.lib user32.lib gdi32.lib winspool.lib comdlg32.lib advapi32.lib shell32.lib ole32.lib oleaut32.lib uuid.lib odbc32.lib odbccp32.lib /MANIFEST /ManifestFile:"Debug\viewer.exe.intermediate.manifest" /MANIFESTUAC:"level='asInvoker' uiAccess='false'" /DEBUG /PDB:"C:\Users\di0niz\Desktop\task4_cloth_template\task4_cloth_template\Bin\viewer.pdb" /SUBSYSTEM:CONSOLE /TLBID:1 /DYNAMICBASE /NXCOMPAT /IMPLIB:"..\Bin\viewer.lib" /MACHINE:X86 Debug\ClothSim.obj
         Debug\main.obj
         C:\Users\di0niz\Desktop\task4_cloth_template\task4_cloth_template\src\Debug\GLUS.lib
         C:\Users\di0niz\Desktop\task4_cloth_template\task4_cloth_template\src\Debug\vsgl3.lib
     1>ClothSim.obj : warning LNK4075: не учитывается "/EDITANDCONTINUE" из-за спецификации "/INCREMENTAL:NO"
         viewer.vcxproj -> C:\Users\di0niz\Desktop\task4_cloth_template\task4_cloth_template\src\..\Bin\viewer.exe
       Manifest:
         C:\Program Files (x86)\Microsoft SDKs\Windows\v7.0A\bin\mt.exe /nologo /verbose /outputresource:"..\Bin\viewer.exe;#1" /manifest Debug\viewer.exe.intermediate.manifest
     1>Проект "C:\Users\di0niz\Desktop\task4_cloth_template\task4_cloth_template\src\viewer.vcxproj" (1) выполняет построение "C:\Users\di0niz\Desktop\task4_cloth_template\task4_cloth_template\src\vsgl3\vsgl3.vcxproj" (2:4) в узле 1 (целевые объекты GetCopyToOutputDirectoryItems).
       Файл проекта содержит ToolsVersion="12.0", не поддерживаемую данной версией MSBuild. Считается, что проект имеет ToolsVersion="4.0".
     2>Построение проекта "C:\Users\di0niz\Desktop\task4_cloth_template\task4_cloth_template\src\vsgl3\vsgl3.vcxproj" завершено (целевые объекты GetCopyToOutputDirectoryItems).
     1>Проект "C:\Users\di0niz\Desktop\task4_cloth_template\task4_cloth_template\src\viewer.vcxproj" (1) выполняет построение "C:\Users\di0niz\Desktop\task4_cloth_template\task4_cloth_template\src\GLUS\GLUS.vcxproj" (3:4) в узле 2 (целевые объекты GetCopyToOutputDirectoryItems).
       Файл проекта содержит ToolsVersion="12.0", не поддерживаемую данной версией MSBuild. Считается, что проект имеет ToolsVersion="4.0".
     3>Построение проекта "C:\Users\di0niz\Desktop\task4_cloth_template\task4_cloth_template\src\GLUS\GLUS.vcxproj" завершено (целевые объекты GetCopyToOutputDirectoryItems).
     1>FinalizeBuildStatus:
         Файл "Debug\viewer.unsuccessfulbuild" удаляется.
         Обращение к "Debug\viewer.lastbuildstate".
     1>Построение проекта "C:\Users\di0niz\Desktop\task4_cloth_template\task4_cloth_template\src\viewer.vcxproj" завершено (целевые объекты build).

Построение успешно завершено.

Затраченное время: 00:00:02.87
