Построение начато 16.12.2015 1:00:29.
     1>Проект "C:\Users\di0niz\Desktop\task4_cloth_template\task4_cloth_template\src\vsgl3\vsgl3.vcxproj" в узле 3 (целевые объекты build).
       Файл проекта содержит ToolsVersion="12.0", не поддерживаемую данной версией MSBuild. Считается, что проект имеет ToolsVersion="4.0".
     1>InitializeBuildStatus:
         Создание "Release\vsgl3.unsuccessfulbuild", так как было задано "AlwaysCreate".
       ClCompile:
         C:\Program Files (x86)\Microsoft Visual Studio 10.0\VC\bin\CL.exe /c /I..\GLUS /I..\External\include /Zi /nologo /W3 /WX- /O2 /Oi /Oy- /GL /D _MBCS /Gm- /EHsc /MT /GS /Gy /fp:precise /Zc:wchar_t /Zc:forScope /Fo"Release\\" /Fd"Release\vc100.pdb" /Gd /TP /analyze- /errorReport:prompt glHelper.cpp glHelperDevil.cpp glHelperMesh.cpp glHelperShaderProgram.cpp glHelperTexture.cpp
         glHelper.cpp
         glHelperDevil.cpp
         glHelperMesh.cpp
         glHelperShaderProgram.cpp
     1>glHelperShaderProgram.cpp(192): warning C4244: аргумент: преобразование "std::streamoff" в "unsigned int", возможна потеря данных
     1>glHelperShaderProgram.cpp(255): warning C4244: аргумент: преобразование "std::streamoff" в "unsigned int", возможна потеря данных
         glHelperTexture.cpp
       Lib:
         C:\Program Files (x86)\Microsoft Visual Studio 10.0\VC\bin\Lib.exe /OUT:"C:\Users\di0niz\Desktop\task4_cloth_template\task4_cloth_template\src\Release\vsgl3.lib" /NOLOGO /LTCG Release\glHelper.obj
         Release\glHelperDevil.obj
         Release\glHelperMesh.obj
         Release\glHelperShaderProgram.obj
         Release\glHelperTexture.obj
         vsgl3.vcxproj -> C:\Users\di0niz\Desktop\task4_cloth_template\task4_cloth_template\src\Release\vsgl3.lib
       FinalizeBuildStatus:
         Файл "Release\vsgl3.unsuccessfulbuild" удаляется.
         Обращение к "Release\vsgl3.lastbuildstate".
     1>Построение проекта "C:\Users\di0niz\Desktop\task4_cloth_template\task4_cloth_template\src\vsgl3\vsgl3.vcxproj" завершено (целевые объекты build).

Построение успешно завершено.

Затраченное время: 00:00:03.53
